2026-05-03 23:05:35 [INFO] [MinOz] Initializing configuration...
2026-05-03 23:05:35 [INFO] [MinOz] AegisShroud Sovereign Edition Started.
2026-05-03 23:05:38 [INFO] [MinOz] User selected VIEW CURRENT VIRTUAL PROFILE.
2026-05-03 23:05:38 [INFO] [MinOz] Displaying Detailed Virtual Profile...
2026-05-03 23:06:23 [INFO] [MinOz] User selected FULL PROTECTION.
2026-05-03 23:06:23 [INFO] [MinOz] Starting Aegis Execution Pipeline...
2026-05-03 23:06:23 [INFO] [MinOz] [Step 1/6] Validating Environment...
2026-05-03 23:06:23 [INFO] [MinOz] Environment validated: Administrator privileges confirmed.
2026-05-03 23:06:23 [INFO] [MinOz] [Step 2/6] Capturing Pre-execution State & Backup...
2026-05-03 23:06:23 [INFO] [MinOz] Creating original system identity backup...
2026-05-03 23:06:24 [INFO] [MinOz] Saved Pre system snapshot to C:\Users\Admin\Desktop\home\ubuntu\AegisShroud\state\AegisShroud_State_Pre_Latest.json.
2026-05-03 23:06:24 [INFO] [MinOz] Pre-execution state captured and system backed up.
2026-05-03 23:06:24 [INFO] [MinOz] [Step 3/6] Executing Modular Tasks...
2026-05-03 23:06:24 [INFO] [MinOz] Generating Brutal Virtual Identity...
2026-05-03 23:06:27 [INFO] [MinOz] Applying Brutal Identity Layers...
2026-05-03 23:06:27 [INFO] [MinOz] All Brutal Identity Layers Applied Successfully.
2026-05-03 23:06:27 [INFO] [MinOz] Task executed successfully.
2026-05-03 23:06:27 [INFO] [MinOz] EXECUTING BRUTAL DEEP TRACE CLEANER...
2026-05-03 23:06:27 [INFO] [MinOz] PRIVACY SETTINGS HARDENED (ANTI-TELEMETRY).
2026-05-03 23:06:27 [INFO] [MinOz] Kernel-Mode & Driver Traces Purged.
2026-05-03 23:06:27 [INFO] [MinOz] Hardware Fingerprint Artifacts Cleared.
2026-05-03 23:06:34 [INFO] [MinOz] Brutal Network Identity Reset Completed.
2026-05-03 23:06:42 [INFO] [MinOz] WMI Repository Sanitized.
2026-05-03 23:06:42 [INFO] [MinOz] BRUTAL DEEP CLEANING COMPLETED SUCCESSFULLY.
2026-05-03 23:06:42 [INFO] [MinOz] Task executed successfully.
2026-05-03 23:06:42 [INFO] [MinOz] Enabling persistence...
2026-05-03 23:06:42 [INFO] [MinOz] Task executed successfully.
2026-05-03 23:06:42 [INFO] [MinOz] All modular tasks processed.
2026-05-03 23:06:42 [INFO] [MinOz] [Step 4/6] Verifying Results...
2026-05-03 23:06:42 [INFO] [MinOz] Verification logic completed.
2026-05-03 23:06:42 [INFO] [MinOz] [Step 5/6] Capturing Post-execution State...
2026-05-03 23:06:43 [INFO] [MinOz] Saved Post system snapshot to C:\Users\Admin\Desktop\home\ubuntu\AegisShroud\state\AegisShroud_State_Post_Latest.json.
2026-05-03 23:06:43 [INFO] [MinOz] Post-execution state captured.
2026-05-03 23:06:43 [INFO] [MinOz] [Step 6/6] Pipeline execution finished.
2026-05-03 23:06:43 [INFO] [MinOz] Aegis Execution Pipeline Completed Successfully.
2026-05-03 23:07:25 [INFO] [MinOz] User selected VIEW CURRENT VIRTUAL PROFILE.
2026-05-03 23:07:25 [INFO] [MinOz] Displaying Detailed Virtual Profile...
2026-05-03 23:08:14 [INFO] [MinOz] User selected DEEP CLEAN TRACES ONLY.
2026-05-03 23:08:14 [INFO] [MinOz] EXECUTING BRUTAL DEEP TRACE CLEANER...
2026-05-03 23:08:14 [INFO] [MinOz] PRIVACY SETTINGS HARDENED (ANTI-TELEMETRY).
2026-05-03 23:08:14 [INFO] [MinOz] Kernel-Mode & Driver Traces Purged.
2026-05-03 23:08:14 [INFO] [MinOz] Hardware Fingerprint Artifacts Cleared.
2026-05-03 23:08:21 [INFO] [MinOz] Brutal Network Identity Reset Completed.
2026-05-03 23:08:29 [INFO] [MinOz] WMI Repository Sanitized.
2026-05-03 23:08:29 [INFO] [MinOz] BRUTAL DEEP CLEANING COMPLETED SUCCESSFULLY.
2026-05-03 23:09:36 [INFO] [MinOz] Initializing configuration...
2026-05-03 23:09:36 [INFO] [MinOz] AegisShroud Sovereign Edition Started.
2026-05-03 23:09:38 [INFO] [MinOz] User selected VIEW CURRENT VIRTUAL PROFILE.
2026-05-03 23:09:38 [INFO] [MinOz] Displaying Detailed Virtual Profile...
2026-05-03 23:10:00 [INFO] [MinOz] User selected RESTORE ORIGINAL IDENTITY.
2026-05-03 23:10:00 [INFO] [MinOz] Restoring original system identity...
2026-05-03 23:10:01 [INFO] [MinOz] System restore completed successfully.
2026-05-03 23:10:04 [INFO] [MinOz] User selected VIEW CURRENT VIRTUAL PROFILE.
2026-05-03 23:10:04 [INFO] [MinOz] Displaying Detailed Virtual Profile...
