[2026-05-03 15:17:04] [INFO] Starting Aegis Execution Pipeline...
[2026-05-03 15:17:04] [INFO] [Step 1/6] Validating Environment...
[2026-05-03 15:17:04] [INFO] [Step 2/6] Capturing Pre-execution State...
[2026-05-03 15:17:04] [DEBUG] Capturing system state snapshot...
[2026-05-03 15:17:04] [INFO] Saved Pre-execution state to C:\Users\Admin\Desktop\AegisShroud\core\..\state\state_Pre_20260503_151704.json
[2026-05-03 15:17:04] [INFO] [Step 3/6] Executing Modular Tasks...
[2026-05-03 15:17:04] [INFO] Generating Ultimate Virtual Identity...
[2026-05-03 15:17:04] [INFO] Applying Ultimate Identity Layers...
[2026-05-03 15:17:04] [DEBUG] Registry Set: HKLM:\SOFTWARE\Microsoft\Cryptography\MachineGuid = 59459AF2-40B6-40A0-9F56-162EF7504D93
[2026-05-03 15:17:04] [DEBUG] Registry Set: HKLM:\SOFTWARE\Microsoft\Windows NT\CurrentVersion\ProductId = 5BC75-0TAWS-VG224-A9N1V
[2026-05-03 15:17:04] [DEBUG] Registry Set: HKLM:\SYSTEM\CurrentControlSet\Control\ComputerName\ActiveComputerName\ComputerName = DESKTOP-R6HE4DL
[2026-05-03 15:17:04] [DEBUG] Registry Set: HKLM:\SYSTEM\CurrentControlSet\Control\ComputerName\ComputerName\ComputerName = DESKTOP-R6HE4DL
[2026-05-03 15:17:04] [DEBUG] Registry Set: HKLM:\SYSTEM\CurrentControlSet\Services\Tcpip\Parameters\Hostname = DESKTOP-R6HE4DL
[2026-05-03 15:17:04] [DEBUG] Registry Set: HKLM:\SYSTEM\CurrentControlSet\Services\Tcpip\Parameters\NV Hostname = DESKTOP-R6HE4DL
[2026-05-03 15:17:04] [DEBUG] Registry Set: HKLM:\HARDWARE\DESCRIPTION\System\BIOS\SystemManufacturer = ASUSTeK COMPUTER INC.
[2026-05-03 15:17:04] [DEBUG] Registry Set: HKLM:\HARDWARE\DESCRIPTION\System\BIOS\SystemProductName = ROG STRIX Z790-E GAMING
[2026-05-03 15:17:04] [DEBUG] Registry Set: HKLM:\HARDWARE\DESCRIPTION\System\BIOS\BIOSSerialNumber = L666O234XD4E
[2026-05-03 15:17:04] [DEBUG] Registry Set: HKLM:\HARDWARE\DESCRIPTION\System\BIOS\BIOSVendor = American Megatrends Inc.
[2026-05-03 15:17:04] [DEBUG] Registry Set: HKLM:\HARDWARE\DESCRIPTION\System\BIOS\BIOSVersion = 1202
[2026-05-03 15:17:04] [DEBUG] Registry Set: HKLM:\HARDWARE\DESCRIPTION\System\BIOS\ReleaseDate = 2023/11/11
[2026-05-03 15:17:04] [DEBUG] Registry Set: HKLM:\HARDWARE\DESCRIPTION\System\BIOS\ChassisType = Desktop
[2026-05-03 15:17:04] [DEBUG] Registry Set: HKLM:\HARDWARE\DESCRIPTION\System\BIOS\ChassisAssetTag = Asset-SYGLZ5WG
[2026-05-03 15:17:04] [DEBUG] Registry Set: HKLM:\HARDWARE\DESCRIPTION\System\CentralProcessor\0\ProcessorNameString = 13th Gen Intel(R) Core(TM) i9-13900K
[2026-05-03 15:17:04] [DEBUG] Registry Set: HKLM:\SYSTEM\CurrentControlSet\Control\Class\{4D36E972-E325-11CE-BFC1-08002BE10318}\0009\NetworkAddress = 77BD7EEACFA7
[2026-05-03 15:17:04] [INFO] Executing Ultimate Deep Trace Cleaner...
[2026-05-03 15:17:04] [DEBUG] Cleared SetupAPI Log: C:\Windows\inf\setupapi.dev.log
[2026-05-03 15:17:04] [DEBUG] Cleared Prefetch and Temporary Files
[2026-05-03 15:17:04] [DEBUG] Cleared Recent Files and Jump Lists
[2026-05-03 15:17:04] [DEBUG] Cleared Event Logs
[2026-05-03 15:17:04] [DEBUG] Cleared Registry Artifacts (MUICache/ShimCache)
[2026-05-03 15:17:04] [INFO] Deep Cleaning Completed.
[2026-05-03 15:17:04] [INFO] [Step 4/6] Verifying Results...
[2026-05-03 15:17:04] [INFO] [Step 5/6] Capturing Post-execution State...
[2026-05-03 15:17:04] [DEBUG] Capturing system state snapshot...
[2026-05-03 15:17:04] [INFO] Saved Post-execution state to C:\Users\Admin\Desktop\AegisShroud\core\..\state\state_Post_20260503_151704.json
[2026-05-03 15:17:04] [INFO] [Step 6/6] Pipeline Completed Successfully.
[2026-05-03 15:18:37] [INFO] Starting Aegis Execution Pipeline...
[2026-05-03 15:18:37] [INFO] [Step 1/6] Validating Environment...
[2026-05-03 15:18:37] [INFO] [Step 2/6] Capturing Pre-execution State...
[2026-05-03 15:18:37] [DEBUG] Capturing system state snapshot...
[2026-05-03 15:18:37] [INFO] Saved Pre-execution state to C:\Users\Admin\Desktop\AegisShroud\core\..\state\state_Pre_20260503_151837.json
[2026-05-03 15:18:37] [INFO] [Step 3/6] Executing Modular Tasks...
[2026-05-03 15:18:37] [INFO] Generating Ultimate Virtual Identity...
[2026-05-03 15:18:37] [INFO] Applying Ultimate Identity Layers...
[2026-05-03 15:18:37] [DEBUG] Registry Set: HKLM:\SOFTWARE\Microsoft\Cryptography\MachineGuid = D69C3E1A-5E59-4CA2-AA90-335A3C7BB1B4
[2026-05-03 15:18:37] [DEBUG] Registry Set: HKLM:\SOFTWARE\Microsoft\Windows NT\CurrentVersion\ProductId = XLKX5-P6BTR-VZDIH-KX1YM
[2026-05-03 15:18:37] [DEBUG] Registry Set: HKLM:\SYSTEM\CurrentControlSet\Control\ComputerName\ActiveComputerName\ComputerName = DESKTOP-KTDUY60
[2026-05-03 15:18:37] [DEBUG] Registry Set: HKLM:\SYSTEM\CurrentControlSet\Control\ComputerName\ComputerName\ComputerName = DESKTOP-KTDUY60
[2026-05-03 15:18:37] [DEBUG] Registry Set: HKLM:\SYSTEM\CurrentControlSet\Services\Tcpip\Parameters\Hostname = DESKTOP-KTDUY60
[2026-05-03 15:18:37] [DEBUG] Registry Set: HKLM:\SYSTEM\CurrentControlSet\Services\Tcpip\Parameters\NV Hostname = DESKTOP-KTDUY60
[2026-05-03 15:18:37] [DEBUG] Registry Set: HKLM:\HARDWARE\DESCRIPTION\System\BIOS\SystemManufacturer = Gigabyte Technology
[2026-05-03 15:18:37] [DEBUG] Registry Set: HKLM:\HARDWARE\DESCRIPTION\System\BIOS\SystemProductName = X670E AORUS MASTER
[2026-05-03 15:18:37] [DEBUG] Registry Set: HKLM:\HARDWARE\DESCRIPTION\System\BIOS\BIOSSerialNumber = M81JR6CFSK4P
[2026-05-03 15:18:37] [DEBUG] Registry Set: HKLM:\HARDWARE\DESCRIPTION\System\BIOS\BIOSVendor = American Megatrends Inc.
[2026-05-03 15:18:37] [DEBUG] Registry Set: HKLM:\HARDWARE\DESCRIPTION\System\BIOS\BIOSVersion = F8
[2026-05-03 15:18:37] [DEBUG] Registry Set: HKLM:\HARDWARE\DESCRIPTION\System\BIOS\ReleaseDate = 2023/05/02
[2026-05-03 15:18:37] [DEBUG] Registry Set: HKLM:\HARDWARE\DESCRIPTION\System\BIOS\ChassisType = Desktop
[2026-05-03 15:18:37] [DEBUG] Registry Set: HKLM:\HARDWARE\DESCRIPTION\System\BIOS\ChassisAssetTag = Asset-CK9VAM5F
[2026-05-03 15:18:37] [DEBUG] Registry Set: HKLM:\HARDWARE\DESCRIPTION\System\CentralProcessor\0\ProcessorNameString = AMD Ryzen 9 7950X 16-Core
[2026-05-03 15:18:37] [DEBUG] Registry Set: HKLM:\SYSTEM\CurrentControlSet\Control\Class\{4D36E972-E325-11CE-BFC1-08002BE10318}\0009\NetworkAddress = 28ED76A79729
[2026-05-03 15:18:37] [INFO] Executing Ultimate Deep Trace Cleaner...
[2026-05-03 15:18:37] [DEBUG] Cleared SetupAPI Log: C:\Windows\inf\setupapi.dev.log
[2026-05-03 15:18:37] [DEBUG] Cleared Prefetch and Temporary Files
[2026-05-03 15:18:37] [DEBUG] Cleared Recent Files and Jump Lists
[2026-05-03 15:18:37] [DEBUG] Cleared Event Logs
[2026-05-03 15:18:37] [DEBUG] Cleared Registry Artifacts (MUICache/ShimCache)
[2026-05-03 15:18:37] [INFO] Deep Cleaning Completed.
[2026-05-03 15:18:37] [INFO] [Step 4/6] Verifying Results...
[2026-05-03 15:18:37] [INFO] [Step 5/6] Capturing Post-execution State...
[2026-05-03 15:18:37] [DEBUG] Capturing system state snapshot...
[2026-05-03 15:18:37] [INFO] Saved Post-execution state to C:\Users\Admin\Desktop\AegisShroud\core\..\state\state_Post_20260503_151837.json
[2026-05-03 15:18:37] [INFO] [Step 6/6] Pipeline Completed Successfully.
