2026-05-05 20:13:03.007 [INFO] [Session:851e1227] [Thread:18] Applying Global Identity Mutation...
2026-05-05 20:13:03.522 [INFO] [Session:851e1227] [Thread:18] [MinOz] Invoking EFI/UUID Randomizer...
2026-05-05 20:13:03.528 [INFO] [Session:851e1227] [Thread:18] [MinOz] Spoofed System UUID to 33f9c0e9-0931-4605-88d4-3455381ebc9e
2026-05-05 20:13:03.692 [INFO] [Session:851e1227] [Thread:18] [MinOz] Spoofed BIOS Serial Number to ATK4YUORX4DS
2026-05-05 20:13:03.892 [INFO] [Session:851e1227] [Thread:18] [MinOz] Spoofed BaseBoard Serial Number to JYLJRDZSG82Q05Z
2026-05-05 20:13:04.522 [INFO] [Session:851e1227] [Thread:18] [MinOz] EFI/UUID Randomizer completed.
2026-05-05 20:13:04.522 [INFO] [Session:851e1227] [Thread:18] [MinOz] Invoking Network Stealth Module...
2026-05-05 20:13:05.332 [INFO] [Session:851e1227] [Thread:18] [MinOz] MAC Address Spoofing complete.
2026-05-05 20:13:05.392 [INFO] [Session:851e1227] [Thread:18] [MinOz] DNS, Winsock, IP Stack, and ARP Cache reset.
2026-05-05 20:13:05.402 [INFO] [Session:851e1227] [Thread:18] [MinOz] NSI Traces cleared.
2026-05-05 20:13:05.402 [INFO] [Session:851e1227] [Thread:18] [MinOz] Network Stealth Module completed.
2026-05-05 20:13:05.417 [INFO] [Session:851e1227] [Thread:18] [GHOST] Initiating Registry Obfuscation Protocol...
2026-05-05 20:13:05.467 [INFO] [Session:851e1227] [Thread:18] [GHOST] Registry Obfuscation complete: 21 obfuscations, 0 failures
2026-05-05 20:13:05.492 [INFO] [Session:851e1227] [Thread:18] [GHOST] Initiating WMI Mutation Protocol...
2026-05-05 20:13:05.642 [WARN] [Session:851e1227] [Thread:18] [GHOST] BaseBoard mutation failed: Exception calling "Put" with "0" argument(s): "Provider is not capable of the attempted operation "
2026-05-05 20:13:05.682 [WARN] [Session:851e1227] [Thread:18] [GHOST] BIOS mutation failed: Exception calling "Put" with "0" argument(s): "Provider is not capable of the attempted operation "
2026-05-05 20:13:06.762 [WARN] [Session:851e1227] [Thread:18] [GHOST] Processor mutation failed: Exception calling "Put" with "0" argument(s): "Provider is not capable of the attempted operation "
2026-05-05 20:13:06.792 [WARN] [Session:851e1227] [Thread:18] [GHOST] VideoController mutation failed: Exception calling "Put" with "0" argument(s): "Provider is not capable of the attempted operation "
2026-05-05 20:13:06.852 [WARN] [Session:851e1227] [Thread:18] [GHOST] DiskDrive mutation failed: Exception calling "Put" with "0" argument(s): "Provider is not capable of the attempted operation "
2026-05-05 20:13:06.992 [INFO] [Session:851e1227] [Thread:18] [GHOST] WMI Mutation complete: 2 mutations, 5 failures
2026-05-05 20:13:07.012 [INFO] [Session:851e1227] [Thread:18] [MinOz] Invoking Peripheral & Monitor ID Spoofer...
2026-05-05 20:13:13.062 [INFO] [Session:851e1227] [Thread:18] [MinOz] Peripheral & Monitor ID Spoofer completed.
2026-05-05 20:16:44.912 [INFO] [Session:851e1227] [Thread:18] Applying Global Identity Mutation...
2026-05-05 20:16:45.167 [INFO] [Session:851e1227] [Thread:18] [GHOST] Initiating Registry Obfuscation Protocol...
2026-05-05 20:16:45.237 [INFO] [Session:851e1227] [Thread:18] [GHOST] Registry Obfuscation complete: 21 obfuscations, 0 failures
2026-05-05 20:16:45.242 [INFO] [Session:851e1227] [Thread:18] [MinOz] Invoking Network Stealth Module...
2026-05-05 20:16:46.052 [INFO] [Session:851e1227] [Thread:18] [MinOz] MAC Address Spoofing complete.
2026-05-05 20:16:46.112 [INFO] [Session:851e1227] [Thread:18] [MinOz] DNS, Winsock, IP Stack, and ARP Cache reset.
2026-05-05 20:16:46.112 [INFO] [Session:851e1227] [Thread:18] [MinOz] NSI Traces cleared.
2026-05-05 20:16:46.112 [INFO] [Session:851e1227] [Thread:18] [MinOz] Network Stealth Module completed.
2026-05-05 20:16:57.492 [INFO] [Session:851e1227] [Thread:18] Applying Global Identity Mutation...
2026-05-05 20:16:57.732 [INFO] [Session:851e1227] [Thread:18] [MinOz] Invoking EFI/UUID Randomizer...
2026-05-05 20:16:57.732 [INFO] [Session:851e1227] [Thread:18] [MinOz] Spoofed System UUID to 65c42269-8c19-4467-914f-28dd544be698
2026-05-05 20:16:57.902 [INFO] [Session:851e1227] [Thread:18] [MinOz] Spoofed BIOS Serial Number to YY4S6U8XM2S6
2026-05-05 20:16:58.102 [INFO] [Session:851e1227] [Thread:18] [MinOz] Spoofed BaseBoard Serial Number to II1OYFQRKSTZHTQ
2026-05-05 20:16:58.742 [INFO] [Session:851e1227] [Thread:18] [MinOz] EFI/UUID Randomizer completed.
2026-05-05 20:16:58.742 [INFO] [Session:851e1227] [Thread:18] [MinOz] Invoking Network Stealth Module...
2026-05-05 20:16:59.522 [INFO] [Session:851e1227] [Thread:18] [MinOz] MAC Address Spoofing complete.
2026-05-05 20:16:59.582 [INFO] [Session:851e1227] [Thread:18] [MinOz] DNS, Winsock, IP Stack, and ARP Cache reset.
2026-05-05 20:16:59.592 [INFO] [Session:851e1227] [Thread:18] [MinOz] NSI Traces cleared.
2026-05-05 20:16:59.592 [INFO] [Session:851e1227] [Thread:18] [MinOz] Network Stealth Module completed.
2026-05-05 20:16:59.592 [INFO] [Session:851e1227] [Thread:18] [GHOST] Initiating Registry Obfuscation Protocol...
2026-05-05 20:16:59.632 [INFO] [Session:851e1227] [Thread:18] [GHOST] Registry Obfuscation complete: 21 obfuscations, 0 failures
2026-05-05 20:16:59.642 [INFO] [Session:851e1227] [Thread:18] [GHOST] Initiating WMI Mutation Protocol...
2026-05-05 20:16:59.672 [WARN] [Session:851e1227] [Thread:18] [GHOST] BaseBoard mutation failed: Exception calling "Put" with "0" argument(s): "Provider is not capable of the attempted operation "
2026-05-05 20:16:59.682 [WARN] [Session:851e1227] [Thread:18] [GHOST] BIOS mutation failed: Exception calling "Put" with "0" argument(s): "Provider is not capable of the attempted operation "
2026-05-05 20:17:00.762 [WARN] [Session:851e1227] [Thread:18] [GHOST] Processor mutation failed: Exception calling "Put" with "0" argument(s): "Provider is not capable of the attempted operation "
2026-05-05 20:17:00.782 [WARN] [Session:851e1227] [Thread:18] [GHOST] VideoController mutation failed: Exception calling "Put" with "0" argument(s): "Provider is not capable of the attempted operation "
2026-05-05 20:17:00.852 [WARN] [Session:851e1227] [Thread:18] [GHOST] DiskDrive mutation failed: Exception calling "Put" with "0" argument(s): "Provider is not capable of the attempted operation "
2026-05-05 20:17:00.952 [INFO] [Session:851e1227] [Thread:18] [GHOST] WMI Mutation complete: 2 mutations, 5 failures
2026-05-05 20:17:00.962 [INFO] [Session:851e1227] [Thread:18] [MinOz] Invoking Peripheral & Monitor ID Spoofer...
2026-05-05 20:17:07.012 [INFO] [Session:851e1227] [Thread:18] [MinOz] Peripheral & Monitor ID Spoofer completed.
2026-05-05 20:22:20.156 [INFO] [Session:d01cc9f4] [Thread:18] Applying Global Identity Mutation...
2026-05-05 20:22:20.391 [INFO] [Session:d01cc9f4] [Thread:18] [MinOz] Invoking EFI/UUID Randomizer...
2026-05-05 20:22:20.406 [INFO] [Session:d01cc9f4] [Thread:18] [MinOz] Spoofed System UUID to a884c0e6-87c0-4823-9ab1-4866802dbbf8
2026-05-05 20:22:20.625 [INFO] [Session:d01cc9f4] [Thread:18] [MinOz] Spoofed BIOS Serial Number to 6VPZI0XJ82EQ
2026-05-05 20:22:20.937 [INFO] [Session:d01cc9f4] [Thread:18] [MinOz] Spoofed BaseBoard Serial Number to 7YOPQ987RJ9BVRL
2026-05-05 20:22:21.937 [INFO] [Session:d01cc9f4] [Thread:18] [MinOz] EFI/UUID Randomizer completed.
2026-05-05 20:22:21.953 [INFO] [Session:d01cc9f4] [Thread:18] [MinOz] Invoking Network Stealth Module...
2026-05-05 20:22:22.765 [INFO] [Session:d01cc9f4] [Thread:18] [MinOz] MAC Address Spoofing complete.
2026-05-05 20:22:22.968 [INFO] [Session:d01cc9f4] [Thread:18] [MinOz] DNS, Winsock, IP Stack, and ARP Cache reset.
2026-05-05 20:22:22.984 [INFO] [Session:d01cc9f4] [Thread:18] [MinOz] NSI Traces cleared.
2026-05-05 20:22:22.984 [INFO] [Session:d01cc9f4] [Thread:18] [MinOz] Network Stealth Module completed.
2026-05-05 20:22:23.000 [INFO] [Session:d01cc9f4] [Thread:18] [GHOST] Initiating Registry Obfuscation Protocol...
2026-05-05 20:22:23.078 [INFO] [Session:d01cc9f4] [Thread:18] [GHOST] Registry Obfuscation complete: 21 obfuscations, 0 failures
2026-05-05 20:22:23.156 [INFO] [Session:d01cc9f4] [Thread:18] [GHOST] Initiating WMI Mutation Protocol...
2026-05-05 20:22:23.375 [WARN] [Session:d01cc9f4] [Thread:18] [GHOST] BaseBoard mutation failed: Exception calling "Put" with "0" argument(s): "Provider is not capable of the attempted operation "
2026-05-05 20:22:23.422 [WARN] [Session:d01cc9f4] [Thread:18] [GHOST] BIOS mutation failed: Exception calling "Put" with "0" argument(s): "Provider is not capable of the attempted operation "
2026-05-05 20:22:24.500 [WARN] [Session:d01cc9f4] [Thread:18] [GHOST] Processor mutation failed: Exception calling "Put" with "0" argument(s): "Provider is not capable of the attempted operation "
2026-05-05 20:22:24.531 [WARN] [Session:d01cc9f4] [Thread:18] [GHOST] VideoController mutation failed: Exception calling "Put" with "0" argument(s): "Provider is not capable of the attempted operation "
2026-05-05 20:22:24.593 [WARN] [Session:d01cc9f4] [Thread:18] [GHOST] DiskDrive mutation failed: Exception calling "Put" with "0" argument(s): "Provider is not capable of the attempted operation "
2026-05-05 20:22:24.796 [INFO] [Session:d01cc9f4] [Thread:18] [GHOST] WMI Mutation complete: 2 mutations, 5 failures
2026-05-05 20:22:24.796 [INFO] [Session:d01cc9f4] [Thread:18] [MinOz] Invoking Peripheral & Monitor ID Spoofer...
2026-05-05 20:22:31.905 [INFO] [Session:d01cc9f4] [Thread:18] [MinOz] Peripheral & Monitor ID Spoofer completed.
2026-05-05 20:22:48.499 [INFO] [Session:d01cc9f4] [Thread:18] Initiating Elite Deep Cleaning Sequence...
2026-05-05 20:22:48.499 [INFO] [Session:d01cc9f4] [Thread:18] Obliterating ACE/Tencent Anti-Cheat traces...
2026-05-05 20:22:48.499 [INFO] [Session:d01cc9f4] [Thread:18] Obliterating USB/Arduino device history...
2026-05-05 20:22:48.515 [INFO] [Session:d01cc9f4] [Thread:18] Purging SetupAPI device installation logs...
2026-05-05 20:22:48.530 [INFO] [Session:d01cc9f4] [Thread:18] Clearing Windows Event Logs...
2026-05-05 20:22:48.577 [INFO] [Session:d01cc9f4] [Thread:18] Flushing network cache and DNS...
2026-05-05 20:22:48.624 [INFO] [Session:d01cc9f4] [Thread:18] Elite Deep Cleaning Sequence Completed.
2026-05-05 20:22:48.640 [INFO] [Session:d01cc9f4] [Thread:18] [Elite] Invoking Deep Trace Purger (ACE/Tencent Special)...
2026-05-05 20:22:49.280 [INFO] [Session:d01cc9f4] [Thread:18] [Elite] Deep Trace Purger completed successfully.
